Сборка начата 26.02.2024 02:10:03.
Уровень детализации журнала: Normal.     1>Проект "D:\BSTU\2 семестр\КПО\Лабораторная 2\additional\additional\additional.vcxproj" в узле 2 (целевые объекты Build).
     1>PrepareForBuild:
         Структурированный вывод включен. Форматирование диагностики компилятора будет отражать иерархию ошибок. Подробнее см. https://aka.ms/cpp/structured-output.
       InitializeBuildStatus:
         Создание "Debug\additional.tlog\unsuccessfulbuild", так как было задано "AlwaysCreate".
         Обращение к "Debug\additional.tlog\unsuccessfulbuild".
       ClCompile:
         C:\Program Files\Microsoft Visual Studio\2022\Community\VC\Tools\MSVC\14.38.33130\bin\HostX86\x86\CL.exe /c /ZI /JMC /nologo /W3 /WX- /diagnostics:column /sdl /Od /Oy- /D WIN32 /D _DEBUG /D _CONSOLE /D _UNICODE /D UNICODE /Gm- /EHsc /RTC1 /MDd /GS /fp:precise /Zc:wchar_t /Zc:forScope /Zc:inline /permissive- /Fo"Debug\\" /Fd"Debug\vc143.pdb" /external:W3 /Gd /TP /analyze- /FC /errorReport:prompt example.cpp
         example.cpp
       Link:
         C:\Program Files\Microsoft Visual Studio\2022\Community\VC\Tools\MSVC\14.38.33130\bin\HostX86\x86\link.exe /ERRORREPORT:PROMPT /OUT:"D:\BSTU\2 семестр\КПО\Лабораторная 2\additional\Debug\additional.exe" /INCREMENTAL /ILK:"Debug\additional.ilk" /NOLOGO kernel32.lib user32.lib gdi32.lib winspool.lib comdlg32.lib advapi32.lib shell32.lib ole32.lib oleaut32.lib uuid.lib odbc32.lib odbccp32.lib /MANIFEST /MANIFESTUAC:"level='asInvoker' uiAccess='false'" /manifest:embed /DEBUG /PDB:"D:\BSTU\2 семестр\КПО\Лабораторная 2\additional\Debug\additional.pdb" /SUBSYSTEM:CONSOLE /TLBID:1 /DYNAMICBASE /NXCOMPAT /IMPLIB:"D:\BSTU\2 семестр\КПО\Лабораторная 2\additional\Debug\additional.lib" /MACHINE:X86 Debug\example.obj
         additional.vcxproj -> D:\BSTU\2 семестр\КПО\Лабораторная 2\additional\Debug\additional.exe
       FinalizeBuildStatus:
         Файл "Debug\additional.tlog\unsuccessfulbuild" удаляется.
         Обращение к "Debug\additional.tlog\additional.lastbuildstate".
     1>Сборка проекта "D:\BSTU\2 семестр\КПО\Лабораторная 2\additional\additional\additional.vcxproj" завершена (целевые объекты Build).

Сборка успешно завершена.
    Предупреждений: 0
    Ошибок: 0

Прошло времени 00:00:01.26
