Сборка начата 05.04.2024 14:44:22.
Уровень детализации журнала: Normal.     1>Проект "D:\BSTU\2 семестр\КПО\Лабораторная 6\SE_Lab06S\SE_Lab06L\SE_Lab06L.vcxproj" в узле 2 (целевые объекты Rebuild).
     1>_PrepareForClean:
         Файл "Debug\SE_Lab06L.tlog\SE_Lab06L.lastbuildstate" удаляется.
       PrepareForBuild:
         Структурированный вывод включен. Форматирование диагностики компилятора будет отражать иерархию ошибок. Подробнее см. https://aka.ms/cpp/structured-output.
       InitializeBuildStatus:
         Создание "Debug\SE_Lab06L.tlog\unsuccessfulbuild", так как было задано "AlwaysCreate".
         Обращение к "Debug\SE_Lab06L.tlog\unsuccessfulbuild".
       ClCompile:
         C:\Program Files\Microsoft Visual Studio\2022\Community\VC\Tools\MSVC\14.39.33519\bin\HostX86\x86\CL.exe /c /ZI /JMC /nologo /W3 /WX- /diagnostics:column /sdl /Od /Oy- /D WIN32 /D _DEBUG /D _LIB /D _UNICODE /D UNICODE /Gm- /EHsc /RTC1 /MDd /GS /fp:precise /Zc:wchar_t /Zc:forScope /Zc:inline /permissive- /Fo"Debug\\" /Fd"D:\BSTU\2 семестр\КПО\Лабораторная 6\SE_Lab06S\Debug\SE_Lab06L.pdb" /external:W3 /Gd /TP /analyze- /FC /errorReport:prompt Dictionary.cpp
         Dictionary.cpp
     1>D:\BSTU\2 семестр\КПО\Лабораторная 6\SE_Lab06S\SE_Lab06L\Dictionary.cpp(32,21): warning C4018: <: несоответствие типов со знаком и без знака
       Lib:
         C:\Program Files\Microsoft Visual Studio\2022\Community\VC\Tools\MSVC\14.39.33519\bin\HostX86\x86\Lib.exe /OUT:"D:\BSTU\2 семестр\КПО\Лабораторная 6\SE_Lab06S\Debug\SE_Lab06L.lib" /NOLOGO /MACHINE:X86 Debug\Dictionary.obj
         SE_Lab06L.vcxproj -> D:\BSTU\2 семестр\КПО\Лабораторная 6\SE_Lab06S\Debug\SE_Lab06L.lib
       FinalizeBuildStatus:
         Файл "Debug\SE_Lab06L.tlog\unsuccessfulbuild" удаляется.
         Обращение к "Debug\SE_Lab06L.tlog\SE_Lab06L.lastbuildstate".
     1>Сборка проекта "D:\BSTU\2 семестр\КПО\Лабораторная 6\SE_Lab06S\SE_Lab06L\SE_Lab06L.vcxproj" завершена (целевые объекты Rebuild).

Сборка успешно завершена.

       "D:\BSTU\2 семестр\КПО\Лабораторная 6\SE_Lab06S\SE_Lab06L\SE_Lab06L.vcxproj" (целевой объект Rebuild ) (1) ->
       (Целевой объект ClCompile) -> 
         D:\BSTU\2 семестр\КПО\Лабораторная 6\SE_Lab06S\SE_Lab06L\Dictionary.cpp(32,21): warning C4018: <: несоответствие типов со знаком и без знака

    Предупреждений: 1
    Ошибок: 0

Прошло времени 00:00:02.46
