Сборка начата 15.03.2024 10:15:40.
Уровень детализации журнала: Normal.     1>Проект "D:\BSTU\2 семестр\КПО\Лабораторная 2\SE_Lab02\SE_Lab02\SE_Lab02.vcxproj" в узле 2 (целевые объекты Build).
     1>PrepareForBuild:
         Структурированный вывод включен. Форматирование диагностики компилятора будет отражать иерархию ошибок. Подробнее см. https://aka.ms/cpp/structured-output.
       InitializeBuildStatus:
         Создание "Debug\SE_Lab02.tlog\unsuccessfulbuild", так как было задано "AlwaysCreate".
         Обращение к "Debug\SE_Lab02.tlog\unsuccessfulbuild".
       ClCompile:
         C:\Program Files\Microsoft Visual Studio\2022\Community\VC\Tools\MSVC\14.39.33519\bin\HostX86\x86\CL.exe /c /ZI /JMC /nologo /W3 /WX- /diagnostics:column /sdl /Od /Oy- /D WIN32 /D _DEBUG /D _CONSOLE /D _UNICODE /D UNICODE /Gm- /EHsc /RTC1 /MDd /GS /fp:precise /fp:except /Zc:wchar_t /Zc:forScope /Zc:inline /permissive- /Fo"Debug\\" /Fd"Debug\vc143.pdb" /external:W3 /Gd /TP /analyze- /FC /errorReport:prompt SE_Lab02.cpp
         SE_Lab02.cpp
     1>D:\BSTU\2 семестр\КПО\Лабораторная 2\SE_Lab02\SE_Lab02\SE_Lab02.cpp(26,28): warning C4309: инициализация: усечение константного значения
     1>D:\BSTU\2 семестр\КПО\Лабораторная 2\SE_Lab02\SE_Lab02\SE_Lab02.cpp(65,1): warning C4723: возможное деление на 0
     1>D:\BSTU\2 семестр\КПО\Лабораторная 2\SE_Lab02\SE_Lab02\SE_Lab02.cpp(66,1): warning C4723: возможное деление на 0
       Link:
         C:\Program Files\Microsoft Visual Studio\2022\Community\VC\Tools\MSVC\14.39.33519\bin\HostX86\x86\link.exe /ERRORREPORT:PROMPT /OUT:"D:\BSTU\2 семестр\КПО\Лабораторная 2\SE_Lab02\Debug\SE_Lab02.exe" /INCREMENTAL /ILK:"Debug\SE_Lab02.ilk" /NOLOGO kernel32.lib user32.lib gdi32.lib winspool.lib comdlg32.lib advapi32.lib shell32.lib ole32.lib oleaut32.lib uuid.lib odbc32.lib odbccp32.lib /MANIFEST /MANIFESTUAC:"level='asInvoker' uiAccess='false'" /manifest:embed /DEBUG /PDB:"D:\BSTU\2 семестр\КПО\Лабораторная 2\SE_Lab02\Debug\SE_Lab02.pdb" /SUBSYSTEM:CONSOLE /TLBID:1 /DYNAMICBASE /NXCOMPAT /IMPLIB:"D:\BSTU\2 семестр\КПО\Лабораторная 2\SE_Lab02\Debug\SE_Lab02.lib" /MACHINE:X86 Debug\SE_Lab02.obj
         SE_Lab02.vcxproj -> D:\BSTU\2 семестр\КПО\Лабораторная 2\SE_Lab02\Debug\SE_Lab02.exe
       FinalizeBuildStatus:
         Файл "Debug\SE_Lab02.tlog\unsuccessfulbuild" удаляется.
         Обращение к "Debug\SE_Lab02.tlog\SE_Lab02.lastbuildstate".
     1>Сборка проекта "D:\BSTU\2 семестр\КПО\Лабораторная 2\SE_Lab02\SE_Lab02\SE_Lab02.vcxproj" завершена (целевые объекты Build).

Сборка успешно завершена.

       "D:\BSTU\2 семестр\КПО\Лабораторная 2\SE_Lab02\SE_Lab02\SE_Lab02.vcxproj" (целевой объект Build ) (1) ->
       (Целевой объект ClCompile) -> 
         D:\BSTU\2 семестр\КПО\Лабораторная 2\SE_Lab02\SE_Lab02\SE_Lab02.cpp(26,28): warning C4309: инициализация: усечение константного значения
         D:\BSTU\2 семестр\КПО\Лабораторная 2\SE_Lab02\SE_Lab02\SE_Lab02.cpp(65,1): warning C4723: возможное деление на 0
         D:\BSTU\2 семестр\КПО\Лабораторная 2\SE_Lab02\SE_Lab02\SE_Lab02.cpp(66,1): warning C4723: возможное деление на 0

    Предупреждений: 3
    Ошибок: 0

Прошло времени 00:00:00.76
