d:\bstu\2 семестр\кпо\лабораторная 1 и 3\define_year\define_year\debug\vc143.pdb
d:\bstu\2 семестр\кпо\лабораторная 1 и 3\define_year\define_year\debug\vc143.idb
d:\bstu\2 семестр\кпо\лабораторная 1 и 3\define_year\define_year\debug\leap_year.obj
d:\bstu\2 семестр\кпо\лабораторная 1 и 3\define_year\define_year\debug\leap_year.cod
d:\bstu\2 семестр\кпо\лабораторная 1 и 3\define_year\define_year\debug\get_month.obj
d:\bstu\2 семестр\кпо\лабораторная 1 и 3\define_year\define_year\debug\get_month.cod
d:\bstu\2 семестр\кпо\лабораторная 1 и 3\define_year\define_year\debug\get_day.obj
d:\bstu\2 семестр\кпо\лабораторная 1 и 3\define_year\define_year\debug\get_day.cod
d:\bstu\2 семестр\кпо\лабораторная 1 и 3\define_year\define_year\debug\application.obj
d:\bstu\2 семестр\кпо\лабораторная 1 и 3\define_year\define_year\debug\application.cod
d:\bstu\2 семестр\кпо\лабораторная 1 и 3\define_year\define_year\debug\validation_date.obj
d:\bstu\2 семестр\кпо\лабораторная 1 и 3\define_year\define_year\debug\validation_date.cod
d:\bstu\2 семестр\кпо\лабораторная 1 и 3\define_year\define_year\debug\order_of_day.obj
d:\bstu\2 семестр\кпо\лабораторная 1 и 3\define_year\define_year\debug\order_of_day.cod
d:\bstu\2 семестр\кпо\лабораторная 1 и 3\define_year\define_year\debug\get_year.obj
d:\bstu\2 семестр\кпо\лабораторная 1 и 3\define_year\define_year\debug\get_year.cod
d:\bstu\2 семестр\кпо\лабораторная 1 и 3\define_year\define_year\debug\get_month_name.obj
d:\bstu\2 семестр\кпо\лабораторная 1 и 3\define_year\define_year\debug\get_month_name.cod
d:\bstu\2 семестр\кпо\лабораторная 1 и 3\define_year\define_year\debug\days_until_birthday.obj
d:\bstu\2 семестр\кпо\лабораторная 1 и 3\define_year\define_year\debug\days_until_birthday.cod
d:\bstu\2 семестр\кпо\лабораторная 1 и 3\define_year\debug\define_year.exe
d:\bstu\2 семестр\кпо\лабораторная 1 и 3\define_year\define_year\debug\define_year.ilk
d:\bstu\2 семестр\кпо\лабораторная 1 и 3\define_year\debug\define_year.pdb
d:\bstu\2 семестр\кпо\лабораторная 1 и 3\define_year\define_year\debug\define_year.tlog\cl.command.1.tlog
d:\bstu\2 семестр\кпо\лабораторная 1 и 3\define_year\define_year\debug\define_year.tlog\cl.items.tlog
d:\bstu\2 семестр\кпо\лабораторная 1 и 3\define_year\define_year\debug\define_year.tlog\cl.read.1.tlog
d:\bstu\2 семестр\кпо\лабораторная 1 и 3\define_year\define_year\debug\define_year.tlog\cl.write.1.tlog
d:\bstu\2 семестр\кпо\лабораторная 1 и 3\define_year\define_year\debug\define_year.tlog\link.command.1.tlog
d:\bstu\2 семестр\кпо\лабораторная 1 и 3\define_year\define_year\debug\define_year.tlog\link.read.1.tlog
d:\bstu\2 семестр\кпо\лабораторная 1 и 3\define_year\define_year\debug\define_year.tlog\link.write.1.tlog
