Сборка начата 14.03.2024 09:28:25.
Уровень детализации журнала: Normal.     1>Проект "D:\BSTU\2 семестр\КПО\Лабораторная 1 и 3\define_year\define_year\define_year.vcxproj" в узле 2 (целевые объекты Build).
     1>PrepareForBuild:
         Структурированный вывод включен. Форматирование диагностики компилятора будет отражать иерархию ошибок. Подробнее см. https://aka.ms/cpp/structured-output.
       InitializeBuildStatus:
         Обращение к "Debug\define_year.tlog\unsuccessfulbuild".
       ClCompile:
         C:\Program Files\Microsoft Visual Studio\2022\Community\VC\Tools\MSVC\14.39.33519\bin\HostX86\x86\CL.exe /c /ZI /JMC /nologo /W3 /WX- /diagnostics:column /sdl /Od /Oy- /D WIN32 /D _DEBUG /D _CONSOLE /D _UNICODE /D UNICODE /Gm- /EHsc /RTC1 /MDd /GS /fp:precise /Zc:wchar_t /Zc:forScope /Zc:inline /permissive- /FAcs /Fa"Debug\\" /Fo"Debug\\" /Fd"Debug\vc143.pdb" /external:W3 /Gd /TP /analyze- /FC /errorReport:prompt days_until_birthday.cpp get_month_name.cpp get_year.cpp order_of_day.cpp validation_date.cpp application.cpp get_day.cpp get_month.cpp leap_year.cpp
         days_until_birthday.cpp
         get_month_name.cpp
         get_year.cpp
         order_of_day.cpp
         validation_date.cpp
         application.cpp
         get_day.cpp
         get_month.cpp
         leap_year.cpp
         Создание кода...
       Link:
         C:\Program Files\Microsoft Visual Studio\2022\Community\VC\Tools\MSVC\14.39.33519\bin\HostX86\x86\link.exe /ERRORREPORT:PROMPT /OUT:"D:\BSTU\2 семестр\КПО\Лабораторная 1 и 3\define_year\Debug\define_year.exe" /INCREMENTAL /ILK:"Debug\define_year.ilk" /NOLOGO kernel32.lib user32.lib gdi32.lib winspool.lib comdlg32.lib advapi32.lib shell32.lib ole32.lib oleaut32.lib uuid.lib odbc32.lib odbccp32.lib /MANIFEST /MANIFESTUAC:"level='asInvoker' uiAccess='false'" /manifest:embed /DEBUG /PDB:"D:\BSTU\2 семестр\КПО\Лабораторная 1 и 3\define_year\Debug\define_year.pdb" /SUBSYSTEM:CONSOLE /TLBID:1 /DYNAMICBASE /NXCOMPAT /IMPLIB:"D:\BSTU\2 семестр\КПО\Лабораторная 1 и 3\define_year\Debug\define_year.lib" /MACHINE:X86 Debug\days_until_birthday.obj
         Debug\get_month_name.obj
         Debug\get_year.obj
         Debug\order_of_day.obj
         Debug\validation_date.obj
         Debug\application.obj
         Debug\get_day.obj
         Debug\get_month.obj
         Debug\leap_year.obj
         define_year.vcxproj -> D:\BSTU\2 семестр\КПО\Лабораторная 1 и 3\define_year\Debug\define_year.exe
       FinalizeBuildStatus:
         Файл "Debug\define_year.tlog\unsuccessfulbuild" удаляется.
         Обращение к "Debug\define_year.tlog\define_year.lastbuildstate".
     1>Сборка проекта "D:\BSTU\2 семестр\КПО\Лабораторная 1 и 3\define_year\define_year\define_year.vcxproj" завершена (целевые объекты Build).

Сборка успешно завершена.
    Предупреждений: 0
    Ошибок: 0

Прошло времени 00:00:07.60
