Сборка начата 15.03.2024 12:13:35.
Уровень детализации журнала: Normal.     1>Проект "D:\BSTU\2 семестр\КПО\Лабораторная 4\SE_Lab04\SE_Lab04\SE_Lab04.vcxproj" в узле 2 (целевые объекты Rebuild).
     1>_PrepareForClean:
         Файл "Debug\SE_Lab04.tlog\SE_Lab04.lastbuildstate" удаляется.
       PrepareForBuild:
         Структурированный вывод включен. Форматирование диагностики компилятора будет отражать иерархию ошибок. Подробнее см. https://aka.ms/cpp/structured-output.
       InitializeBuildStatus:
         Обращение к "Debug\SE_Lab04.tlog\unsuccessfulbuild".
       ClCompile:
         C:\Program Files\Microsoft Visual Studio\2022\Community\VC\Tools\MSVC\14.39.33519\bin\HostX86\x86\CL.exe /c /ZI /JMC /nologo /W3 /WX- /diagnostics:column /sdl /Od /Oy- /D WIN32 /D _DEBUG /D _CONSOLE /D _UNICODE /D UNICODE /Gm- /EHsc /RTC1 /MDd /GS /fp:precise /Zc:wchar_t /Zc:forScope /Zc:inline /permissive- /Fo"Debug\\" /Fd"Debug\vc143.pdb" /external:W3 /Gd /TP /analyze- /FC /errorReport:prompt struct.cpp
         struct.cpp
       Link:
         C:\Program Files\Microsoft Visual Studio\2022\Community\VC\Tools\MSVC\14.39.33519\bin\HostX86\x86\link.exe /ERRORREPORT:PROMPT /OUT:"D:\BSTU\2 семестр\КПО\Лабораторная 4\SE_Lab04\Debug\SE_Lab04.exe" /INCREMENTAL /ILK:"Debug\SE_Lab04.ilk" /NOLOGO kernel32.lib user32.lib gdi32.lib winspool.lib comdlg32.lib advapi32.lib shell32.lib ole32.lib oleaut32.lib uuid.lib odbc32.lib odbccp32.lib /MANIFEST /MANIFESTUAC:"level='asInvoker' uiAccess='false'" /manifest:embed /DEBUG /PDB:"D:\BSTU\2 семестр\КПО\Лабораторная 4\SE_Lab04\Debug\SE_Lab04.pdb" /SUBSYSTEM:CONSOLE /TLBID:1 /DYNAMICBASE /NXCOMPAT /IMPLIB:"D:\BSTU\2 семестр\КПО\Лабораторная 4\SE_Lab04\Debug\SE_Lab04.lib" /MACHINE:X86 Debug\struct.obj
         SE_Lab04.vcxproj -> D:\BSTU\2 семестр\КПО\Лабораторная 4\SE_Lab04\Debug\SE_Lab04.exe
       FinalizeBuildStatus:
         Файл "Debug\SE_Lab04.tlog\unsuccessfulbuild" удаляется.
         Обращение к "Debug\SE_Lab04.tlog\SE_Lab04.lastbuildstate".
     1>Сборка проекта "D:\BSTU\2 семестр\КПО\Лабораторная 4\SE_Lab04\SE_Lab04\SE_Lab04.vcxproj" завершена (целевые объекты Rebuild).

Сборка успешно завершена.
    Предупреждений: 0
    Ошибок: 0

Прошло времени 00:00:01.22
